<?xml version="1.0" encoding="UTF-8"?>
<!-- Generated by org.testng.reporters.JUnitXMLReporter -->
<testsuite ignored="0" hostname="DESKTOP-LHELV1T" failures="0" tests="4" name="Default test" time="12.362" errors="0" timestamp="19 May 2021 04:45:52 GMT">
  <testcase classname="RestAssured.login" name="login_API" time="2.851"/>
  <testcase classname="RestAssured.login" name="updateData" time="0.388"/>
  <testcase classname="RestAssured.login" name="getData_API" time="7.326"/>
  <testcase classname="RestAssured.login" name="deleteAPI" time="1.748"/>
</testsuite> <!-- Default test -->
