<?xml version="1.0" encoding="UTF-8"?>
<!-- Generated by org.testng.reporters.JUnitXMLReporter -->
<testsuite ignored="4" hostname="DESKTOP-LHELV1T" failures="0" tests="10" name="UserData" time="52.07" errors="0" timestamp="2021-05-31T15:53:42 PDT">
  <testcase classname="testCases.loginCases" name="TestCase01" time="2.876"/>
  <testcase classname="testCases.loginCases" name="TestCase02" time="3.07"/>
  <testcase classname="testCases.loginCases" name="TestCase03" time="9.974"/>
  <testcase classname="testCases.userAddition" name="testCase6" time="2.679"/>
  <testcase classname="testCases.userAddition" name="testCase7" time="0.303"/>
  <testcase classname="testCases.userAddition" name="testCase8" time="5.873"/>
  <testcase classname="testCases.userAddition" name="testCase10" time="6.032"/>
  <testcase classname="testCases.userUpdation" name="testCase11" time="7.683"/>
  <testcase classname="testCases.userUpdation" name="testCase12" time="5.326"/>
  <testcase classname="testCases.userUpdation" name="testCase14" time="7.023"/>
  <testcase classname="base.baseTest" name="@BeforeTest initReport" time="0.0">
    <ignored/>
  </testcase> <!-- @BeforeTest initReport -->
  <testcase classname="base.baseTest" name="@BeforeTest initReport" time="0.0">
    <ignored/>
  </testcase> <!-- @BeforeTest initReport -->
  <testcase classname="base.baseTest" name="@AfterTest flushReport" time="0.0">
    <ignored/>
  </testcase> <!-- @AfterTest flushReport -->
  <testcase classname="base.baseTest" name="@AfterTest flushReport" time="0.0">
    <ignored/>
  </testcase> <!-- @AfterTest flushReport -->
</testsuite> <!-- UserData -->
