<?xml version="1.0" encoding="UTF-8"?>
<testng-results ignored="1" total="2" passed="1" failed="0" skipped="0">
  <reporter-output>
  </reporter-output>
  <suite started-at="2021-05-27T23:23:59 PDT" name="RestAPI" finished-at="2021-05-27T23:24:06 PDT" duration-ms="7011">
    <groups>
    </groups>
    <test started-at="2021-05-27T23:23:59 PDT" name="UserData" finished-at="2021-05-27T23:24:06 PDT" duration-ms="7011">
      <class name="testCases.loginCases">
        <test-method is-config="true" signature="initReport()[pri:0, instance:testCases.loginCases@4d5b6aac]" started-at="2021-05-27T23:23:59 PDT" name="initReport" finished-at="2021-05-27T23:24:00 PDT" duration-ms="406" status="PASS">
          <reporter-output>
          </reporter-output>
        </test-method> <!-- initReport -->
        <test-method is-config="true" signature="createReport(java.lang.reflect.Method)[pri:0, instance:testCases.loginCases@4d5b6aac]" started-at="2021-05-27T23:24:00 PDT" name="createReport" finished-at="2021-05-27T23:24:00 PDT" duration-ms="23" status="PASS">
          <params>
            <param index="0">
              <value>
                <![CDATA[public void testCases.loginCases.TestCase03() throws java.io.IOException]]>
              </value>
            </param>
          </params>
          <reporter-output>
          </reporter-output>
        </test-method> <!-- createReport -->
        <test-method signature="TestCase03()[pri:3, instance:testCases.loginCases@4d5b6aac]" started-at="2021-05-27T23:24:00 PDT" name="TestCase03" finished-at="2021-05-27T23:24:06 PDT" duration-ms="5960" status="PASS">
          <reporter-output>
          </reporter-output>
        </test-method> <!-- TestCase03 -->
        <test-method is-config="true" signature="flushReport()[pri:0, instance:testCases.loginCases@4d5b6aac]" started-at="2021-05-27T23:24:06 PDT" name="flushReport" finished-at="2021-05-27T23:24:06 PDT" duration-ms="552" status="PASS">
          <reporter-output>
          </reporter-output>
        </test-method> <!-- flushReport -->
      </class> <!-- testCases.loginCases -->
    </test> <!-- UserData -->
  </suite> <!-- RestAPI -->
</testng-results>
